mode: set
github.com/wigwamwam/CRUD_app/handlers/bankhandler.go:26.45,28.2 1 1
github.com/wigwamwam/CRUD_app/handlers/bankhandler.go:30.56,31.54 1 1
github.com/wigwamwam/CRUD_app/handlers/bankhandler.go:31.54,33.17 2 1
github.com/wigwamwam/CRUD_app/handlers/bankhandler.go:38.3,39.17 2 1
github.com/wigwamwam/CRUD_app/handlers/bankhandler.go:44.3,44.40 1 1
github.com/wigwamwam/CRUD_app/handlers/bankhandler.go:33.17,36.4 2 1
github.com/wigwamwam/CRUD_app/handlers/bankhandler.go:39.17,42.4 2 0
github.com/wigwamwam/CRUD_app/handlers/bankhandler.go:48.49,49.54 1 1
github.com/wigwamwam/CRUD_app/handlers/bankhandler.go:49.54,54.17 4 1
github.com/wigwamwam/CRUD_app/handlers/bankhandler.go:59.3,60.17 2 1
github.com/wigwamwam/CRUD_app/handlers/bankhandler.go:65.3,68.17 3 1
github.com/wigwamwam/CRUD_app/handlers/bankhandler.go:73.3,74.17 2 1
github.com/wigwamwam/CRUD_app/handlers/bankhandler.go:79.3,79.45 1 1
github.com/wigwamwam/CRUD_app/handlers/bankhandler.go:54.17,57.4 2 0
github.com/wigwamwam/CRUD_app/handlers/bankhandler.go:60.17,63.4 2 0
github.com/wigwamwam/CRUD_app/handlers/bankhandler.go:68.17,71.4 2 1
github.com/wigwamwam/CRUD_app/handlers/bankhandler.go:74.17,77.4 2 0
github.com/wigwamwam/CRUD_app/handlers/bankhandler.go:83.47,84.54 1 1
github.com/wigwamwam/CRUD_app/handlers/bankhandler.go:84.54,86.17 2 1
github.com/wigwamwam/CRUD_app/handlers/bankhandler.go:91.3,94.17 3 1
github.com/wigwamwam/CRUD_app/handlers/bankhandler.go:99.3,100.17 2 1
github.com/wigwamwam/CRUD_app/handlers/bankhandler.go:105.3,105.40 1 1
github.com/wigwamwam/CRUD_app/handlers/bankhandler.go:86.17,89.4 2 0
github.com/wigwamwam/CRUD_app/handlers/bankhandler.go:94.17,97.4 2 0
github.com/wigwamwam/CRUD_app/handlers/bankhandler.go:100.17,103.4 2 0
github.com/wigwamwam/CRUD_app/handlers/bankhandler.go:109.49,110.54 1 0
github.com/wigwamwam/CRUD_app/handlers/bankhandler.go:110.54,113.17 3 0
github.com/wigwamwam/CRUD_app/handlers/bankhandler.go:118.3,119.17 2 0
github.com/wigwamwam/CRUD_app/handlers/bankhandler.go:124.3,125.17 2 0
github.com/wigwamwam/CRUD_app/handlers/bankhandler.go:130.3,130.47 1 0
github.com/wigwamwam/CRUD_app/handlers/bankhandler.go:113.17,116.4 2 0
github.com/wigwamwam/CRUD_app/handlers/bankhandler.go:119.17,122.4 2 0
github.com/wigwamwam/CRUD_app/handlers/bankhandler.go:125.17,128.4 2 0
github.com/wigwamwam/CRUD_app/handlers/bankhandler.go:134.49,135.54 1 0
github.com/wigwamwam/CRUD_app/handlers/bankhandler.go:135.54,137.17 2 0
github.com/wigwamwam/CRUD_app/handlers/bankhandler.go:142.3,146.17 4 0
github.com/wigwamwam/CRUD_app/handlers/bankhandler.go:151.3,152.17 2 0
github.com/wigwamwam/CRUD_app/handlers/bankhandler.go:157.3,158.17 2 0
github.com/wigwamwam/CRUD_app/handlers/bankhandler.go:163.3,164.17 2 0
github.com/wigwamwam/CRUD_app/handlers/bankhandler.go:169.3,169.40 1 0
github.com/wigwamwam/CRUD_app/handlers/bankhandler.go:137.17,140.4 2 0
github.com/wigwamwam/CRUD_app/handlers/bankhandler.go:146.17,149.4 2 0
github.com/wigwamwam/CRUD_app/handlers/bankhandler.go:152.17,155.4 2 0
github.com/wigwamwam/CRUD_app/handlers/bankhandler.go:158.17,161.4 2 0
github.com/wigwamwam/CRUD_app/handlers/bankhandler.go:164.17,167.4 2 0
github.com/wigwamwam/CRUD_app/handlers/handler.go:15.67,19.2 3 1
github.com/wigwamwam/CRUD_app/handlers/handler.go:21.72,25.16 4 1
github.com/wigwamwam/CRUD_app/handlers/handler.go:25.16,27.3 1 0
github.com/wigwamwam/CRUD_app/handlers/handler.go:30.55,31.20 1 1
github.com/wigwamwam/CRUD_app/handlers/handler.go:32.35,34.9 2 1
github.com/wigwamwam/CRUD_app/handlers/handler.go:35.37,37.9 2 0
github.com/wigwamwam/CRUD_app/handlers/handler.go:38.39,40.9 2 0
github.com/wigwamwam/CRUD_app/handlers/handler.go:41.39,43.9 2 1
github.com/wigwamwam/CRUD_app/handlers/handler.go:44.37,46.9 2 0
github.com/wigwamwam/CRUD_app/handlers/handler.go:47.10,49.9 2 1
